<?xml version="1.0" encoding="UTF-8"?>
<!-- Generated by org.testng.reporters.JUnitReportReporter -->
<testsuite skipped="0" hostname="Surbhis-MacBook-Air.local" name="com.ita.testcases.WelcomePageTest" tests="1" failures="0" timestamp="24 Jul 2018 12:19:45 GMT" time="16.226" errors="0">
  <testcase name="loginButtonClickTest" time="16.226" classname="com.ita.testcases.WelcomePageTest"/>
</testsuite> <!-- com.ita.testcases.WelcomePageTest -->
