<?xml version="1.0" encoding="UTF-8"?>
<!-- Generated by org.testng.reporters.JUnitReportReporter -->
<testsuite skipped="0" hostname="Surbhis-MacBook-Air.local" name="com.ita.testcases.LoginPageTest" tests="1" failures="0" timestamp="25 Jul 2018 08:37:28 GMT" time="11.868" errors="0">
  <testcase name="VerifyText" time="11.868" classname="com.ita.testcases.LoginPageTest"/>
</testsuite> <!-- com.ita.testcases.LoginPageTest -->
